<?xml version="1.0" encoding="UTF-8"?>
<robot generator="Robot 4.1.3 (Python 3.10.1 on win32)" generated="20220424 22:19:18.643" rpa="false" schemaversion="2">
<suite id="s1" name="AT Login web" source="C:\Users\Jom Doppio\Desktop\Test02\AT_Login_web.robot">
<test id="s1-t1" name="TC_001 Login success">
<kw name="Open Browser" library="SeleniumLibrary" type="SETUP">
<arg>${url}</arg>
<arg>${browser}</arg>
<doc>Opens a new browser instance to the optional ``url``.</doc>
<msg timestamp="20220424 22:19:18.842" level="INFO">Opening browser 'gc' to base url 'http://the-internet.herokuapp.com/login'.</msg>
<status status="PASS" starttime="20220424 22:19:18.842" endtime="20220424 22:19:23.628"/>
</kw>
<kw name="Find Login page">
<kw name="Page Should Contain Element" library="SeleniumLibrary">
<arg>${dict_login_page_path}[Find_Login_page]</arg>
<doc>Verifies that element ``locator`` is found on the current page.</doc>
<msg timestamp="20220424 22:19:23.641" level="INFO">Current page contains element 'xpath=//h2[contains(., "Login Page")]'.</msg>
<status status="PASS" starttime="20220424 22:19:23.629" endtime="20220424 22:19:23.641"/>
</kw>
<status status="PASS" starttime="20220424 22:19:23.628" endtime="20220424 22:19:23.641"/>
</kw>
<kw name="Input username on Login page">
<arg>${username}</arg>
<kw name="Input Text" library="SeleniumLibrary">
<arg>${dict_login_page_path}[Input_username]</arg>
<arg>${username}</arg>
<doc>Types the given ``text`` into the text field identified by ``locator``.</doc>
<msg timestamp="20220424 22:19:23.642" level="INFO">Typing text 'tomsmith' into text field 'xpath=//input[@id='username']'.</msg>
<status status="PASS" starttime="20220424 22:19:23.642" endtime="20220424 22:19:23.721"/>
</kw>
<status status="PASS" starttime="20220424 22:19:23.641" endtime="20220424 22:19:23.721"/>
</kw>
<kw name="Input password on Login page">
<arg>${password}</arg>
<kw name="Input Text" library="SeleniumLibrary">
<arg>${dict_login_page_path}[Input_password]</arg>
<arg>${password}</arg>
<doc>Types the given ``text`` into the text field identified by ``locator``.</doc>
<msg timestamp="20220424 22:19:23.723" level="INFO">Typing text 'SuperSecretPassword!' into text field 'xpath=//input[@id='password']'.</msg>
<status status="PASS" starttime="20220424 22:19:23.722" endtime="20220424 22:19:23.801"/>
</kw>
<status status="PASS" starttime="20220424 22:19:23.722" endtime="20220424 22:19:23.802"/>
</kw>
<kw name="Click login on Login page">
<kw name="Click Element" library="SeleniumLibrary">
<arg>${dict_login_page_path}[Click_Login]</arg>
<doc>Click the element identified by ``locator``.</doc>
<msg timestamp="20220424 22:19:23.803" level="INFO">Clicking element 'xpath=//i[@class='fa fa-2x fa-sign-in']'.</msg>
<status status="PASS" starttime="20220424 22:19:23.802" endtime="20220424 22:19:24.735"/>
</kw>
<status status="PASS" starttime="20220424 22:19:23.802" endtime="20220424 22:19:24.735"/>
</kw>
<kw name="Find login success on home page">
<kw name="Page Should Contain" library="SeleniumLibrary">
<arg>${dict_login_page_path}[Login_text]</arg>
<doc>Verifies that current page contains ``text``.</doc>
<msg timestamp="20220424 22:19:24.750" level="INFO">Current page contains text 'You logged into a secure area!'.</msg>
<status status="PASS" starttime="20220424 22:19:24.737" endtime="20220424 22:19:24.750"/>
</kw>
<status status="PASS" starttime="20220424 22:19:24.736" endtime="20220424 22:19:24.750"/>
</kw>
<kw name="Click logout on Logout page">
<kw name="Click Element" library="SeleniumLibrary">
<arg>${dict_logout_page_path}[Click_logout]</arg>
<doc>Click the element identified by ``locator``.</doc>
<msg timestamp="20220424 22:19:24.752" level="INFO">Clicking element 'xpath=//i[@class='icon-2x icon-signout']'.</msg>
<status status="PASS" starttime="20220424 22:19:24.751" endtime="20220424 22:19:25.410"/>
</kw>
<status status="PASS" starttime="20220424 22:19:24.751" endtime="20220424 22:19:25.411"/>
</kw>
<kw name="Find logout success on Login page">
<kw name="Page Should Contain" library="SeleniumLibrary">
<arg>${dict_login_page_path}[Logout_text]</arg>
<doc>Verifies that current page contains ``text``.</doc>
<msg timestamp="20220424 22:19:25.427" level="INFO">Current page contains text 'You logged out of the secure area!'.</msg>
<status status="PASS" starttime="20220424 22:19:25.411" endtime="20220424 22:19:25.427"/>
</kw>
<status status="PASS" starttime="20220424 22:19:25.411" endtime="20220424 22:19:25.427"/>
</kw>
<kw name="Close Browser" library="SeleniumLibrary" type="TEARDOWN">
<doc>Closes the current browser.</doc>
<status status="PASS" starttime="20220424 22:19:25.427" endtime="20220424 22:19:27.553"/>
</kw>
<status status="PASS" starttime="20220424 22:19:18.833" endtime="20220424 22:19:27.553"/>
</test>
<test id="s1-t2" name="TC_002 Login failed password incorrect">
<kw name="Open Browser" library="SeleniumLibrary" type="SETUP">
<arg>${url}</arg>
<arg>${browser}</arg>
<doc>Opens a new browser instance to the optional ``url``.</doc>
<msg timestamp="20220424 22:19:27.557" level="INFO">Opening browser 'gc' to base url 'http://the-internet.herokuapp.com/login'.</msg>
<status status="PASS" starttime="20220424 22:19:27.556" endtime="20220424 22:19:38.393"/>
</kw>
<kw name="Find Login page">
<kw name="Page Should Contain Element" library="SeleniumLibrary">
<arg>${dict_login_page_path}[Find_Login_page]</arg>
<doc>Verifies that element ``locator`` is found on the current page.</doc>
<msg timestamp="20220424 22:19:38.406" level="INFO">Current page contains element 'xpath=//h2[contains(., "Login Page")]'.</msg>
<status status="PASS" starttime="20220424 22:19:38.394" endtime="20220424 22:19:38.406"/>
</kw>
<status status="PASS" starttime="20220424 22:19:38.394" endtime="20220424 22:19:38.406"/>
</kw>
<kw name="Input username on Login page">
<arg>${username}</arg>
<kw name="Input Text" library="SeleniumLibrary">
<arg>${dict_login_page_path}[Input_username]</arg>
<arg>${username}</arg>
<doc>Types the given ``text`` into the text field identified by ``locator``.</doc>
<msg timestamp="20220424 22:19:38.407" level="INFO">Typing text 'tomsmith' into text field 'xpath=//input[@id='username']'.</msg>
<status status="PASS" starttime="20220424 22:19:38.407" endtime="20220424 22:19:38.491"/>
</kw>
<status status="PASS" starttime="20220424 22:19:38.407" endtime="20220424 22:19:38.491"/>
</kw>
<kw name="Input password on Login page">
<arg>${inv_password}</arg>
<kw name="Input Text" library="SeleniumLibrary">
<arg>${dict_login_page_path}[Input_password]</arg>
<arg>${password}</arg>
<doc>Types the given ``text`` into the text field identified by ``locator``.</doc>
<msg timestamp="20220424 22:19:38.492" level="INFO">Typing text 'password' into text field 'xpath=//input[@id='password']'.</msg>
<status status="PASS" starttime="20220424 22:19:38.492" endtime="20220424 22:19:38.559"/>
</kw>
<status status="PASS" starttime="20220424 22:19:38.491" endtime="20220424 22:19:38.559"/>
</kw>
<kw name="Click login on Login page">
<kw name="Click Element" library="SeleniumLibrary">
<arg>${dict_login_page_path}[Click_Login]</arg>
<doc>Click the element identified by ``locator``.</doc>
<msg timestamp="20220424 22:19:38.560" level="INFO">Clicking element 'xpath=//i[@class='fa fa-2x fa-sign-in']'.</msg>
<status status="PASS" starttime="20220424 22:19:38.559" endtime="20220424 22:19:39.528"/>
</kw>
<status status="PASS" starttime="20220424 22:19:38.559" endtime="20220424 22:19:39.529"/>
</kw>
<kw name="Find password login failed on Login page">
<kw name="Page Should Contain" library="SeleniumLibrary">
<arg>${dict_login_page_path}[Pass_Login_fail_text]</arg>
<doc>Verifies that current page contains ``text``.</doc>
<msg timestamp="20220424 22:19:39.544" level="INFO">Current page contains text 'Your password is invalid!'.</msg>
<status status="PASS" starttime="20220424 22:19:39.530" endtime="20220424 22:19:39.545"/>
</kw>
<status status="PASS" starttime="20220424 22:19:39.529" endtime="20220424 22:19:39.545"/>
</kw>
<kw name="Close Browser" library="SeleniumLibrary" type="TEARDOWN">
<doc>Closes the current browser.</doc>
<status status="PASS" starttime="20220424 22:19:39.546" endtime="20220424 22:19:41.693"/>
</kw>
<status status="PASS" starttime="20220424 22:19:27.555" endtime="20220424 22:19:41.693"/>
</test>
<test id="s1-t3" name="TC_003 Login failed username not found">
<kw name="Open Browser" library="SeleniumLibrary" type="SETUP">
<arg>${url}</arg>
<arg>${browser}</arg>
<doc>Opens a new browser instance to the optional ``url``.</doc>
<msg timestamp="20220424 22:19:41.696" level="INFO">Opening browser 'gc' to base url 'http://the-internet.herokuapp.com/login'.</msg>
<status status="PASS" starttime="20220424 22:19:41.696" endtime="20220424 22:19:52.817"/>
</kw>
<kw name="Find Login page">
<kw name="Page Should Contain Element" library="SeleniumLibrary">
<arg>${dict_login_page_path}[Find_Login_page]</arg>
<doc>Verifies that element ``locator`` is found on the current page.</doc>
<msg timestamp="20220424 22:19:52.828" level="INFO">Current page contains element 'xpath=//h2[contains(., "Login Page")]'.</msg>
<status status="PASS" starttime="20220424 22:19:52.818" endtime="20220424 22:19:52.828"/>
</kw>
<status status="PASS" starttime="20220424 22:19:52.818" endtime="20220424 22:19:52.829"/>
</kw>
<kw name="Input username on Login page">
<arg>${no_username}</arg>
<kw name="Input Text" library="SeleniumLibrary">
<arg>${dict_login_page_path}[Input_username]</arg>
<arg>${username}</arg>
<doc>Types the given ``text`` into the text field identified by ``locator``.</doc>
<msg timestamp="20220424 22:19:52.830" level="INFO">Typing text 'tomholland' into text field 'xpath=//input[@id='username']'.</msg>
<status status="PASS" starttime="20220424 22:19:52.829" endtime="20220424 22:19:52.903"/>
</kw>
<status status="PASS" starttime="20220424 22:19:52.829" endtime="20220424 22:19:52.904"/>
</kw>
<kw name="Input password on Login page">
<arg>${inv_password}</arg>
<kw name="Input Text" library="SeleniumLibrary">
<arg>${dict_login_page_path}[Input_password]</arg>
<arg>${password}</arg>
<doc>Types the given ``text`` into the text field identified by ``locator``.</doc>
<msg timestamp="20220424 22:19:52.905" level="INFO">Typing text 'password' into text field 'xpath=//input[@id='password']'.</msg>
<status status="PASS" starttime="20220424 22:19:52.905" endtime="20220424 22:19:52.975"/>
</kw>
<status status="PASS" starttime="20220424 22:19:52.904" endtime="20220424 22:19:52.975"/>
</kw>
<kw name="Click login on Login page">
<kw name="Click Element" library="SeleniumLibrary">
<arg>${dict_login_page_path}[Click_Login]</arg>
<doc>Click the element identified by ``locator``.</doc>
<msg timestamp="20220424 22:19:52.976" level="INFO">Clicking element 'xpath=//i[@class='fa fa-2x fa-sign-in']'.</msg>
<status status="PASS" starttime="20220424 22:19:52.976" endtime="20220424 22:19:53.911"/>
</kw>
<status status="PASS" starttime="20220424 22:19:52.975" endtime="20220424 22:19:53.911"/>
</kw>
<kw name="Find username login failed on login page">
<kw name="Page Should Contain" library="SeleniumLibrary">
<arg>${dict_login_page_path}[User_Login_fail_text]</arg>
<doc>Verifies that current page contains ``text``.</doc>
<msg timestamp="20220424 22:19:53.926" level="INFO">Current page contains text 'Your username is invalid!'.</msg>
<status status="PASS" starttime="20220424 22:19:53.912" endtime="20220424 22:19:53.926"/>
</kw>
<status status="PASS" starttime="20220424 22:19:53.911" endtime="20220424 22:19:53.926"/>
</kw>
<kw name="Close Browser" library="SeleniumLibrary" type="TEARDOWN">
<doc>Closes the current browser.</doc>
<status status="PASS" starttime="20220424 22:19:53.927" endtime="20220424 22:19:56.052"/>
</kw>
<status status="PASS" starttime="20220424 22:19:41.695" endtime="20220424 22:19:56.052"/>
</test>
<status status="PASS" starttime="20220424 22:19:18.650" endtime="20220424 22:19:56.055"/>
</suite>
<statistics>
<total>
<stat pass="3" fail="0" skip="0">All Tests</stat>
</total>
<tag>
</tag>
<suite>
<stat pass="3" fail="0" skip="0" id="s1" name="AT Login web">AT Login web</stat>
</suite>
</statistics>
<errors>
</errors>
</robot>
